 #              _____________________  _______________________             #
 #              ___  __ \__  __ \_  / / /_  /___  ____/_  ___/             #
 #              __  / / /_  /_/ /  / / /_  __/_  __/  _____ \              #
 #              _  /_/ /_  _, _// /_/ / / /_ _  /___  ____/ /              #
 #              /_____/ /_/ |_| \____/  \__/ /_____/  /____/               #
 #                                                                         #
  
 DRUtES is initializing, reading input files
 ---------------------------------------------------------------
 14hrs : 54min : 03.023s  -  2020/03/26    total number of parallel images is:                    1
 ---------------------------------------------------------------
 14hrs : 54min : 03.024s  -  2020/03/26    reading input files and allocating...
 ---------------------------------------------------------------
 14hrs : 54min : 03.026s  -  2020/03/26    number of nodes:                  101 number of elements:                  100
 ---------------------------------------------------------------
 14hrs : 54min : 03.029s  -  2020/03/26    analyzing mesh structure...
 ---------------------------------------------------------------
 14hrs : 54min : 03.030s  -  2020/03/26    DRUtES solves Richards' equation, in    1 D, in total hydraulic head form.
 ---------------------------------------------------------------
 14hrs : 54min : 03.030s  -  2020/03/26    making output files for observation time
 ---------------------------------------------------------------
 14hrs : 54min : 03.032s  -  2020/03/26    go 4 solving
 ---------------------------------------------------------------
 14hrs : 54min : 03.034s  -  2020/03/26    current simulation time:   1.0000000000000000 total iteration count:                    1
 ---------------------------------------------------------------
 14hrs : 55min : 09.556s  -  2020/03/26    making output files for observation time
 ---------------------------------------------------------------
 14hrs : 55min : 46.665s  -  2020/03/26    making output files for observation time
 ---------------------------------------------------------------
 14hrs : 56min : 17.883s  -  2020/03/26    making output files for observation time
 ---------------------------------------------------------------
 14hrs : 56min : 47.620s  -  2020/03/26    making output files for observation time
 ---------------------------------------------------------------
 14hrs : 57min : 17.113s  -  2020/03/26    making output files for observation time
 ---------------------------------------------------------------
 14hrs : 57min : 47.240s  -  2020/03/26    making output files for observation time
 ---------------------------------------------------------------
 14hrs : 58min : 17.835s  -  2020/03/26    making output files for observation time
 ---------------------------------------------------------------
 14hrs : 58min : 49.829s  -  2020/03/26    making output files for observation time
 ---------------------------------------------------------------
 14hrs : 59min : 51.126s  -  2020/03/26    making output files for observation time
 ---------------------------------------------------------------
 15hrs : 00min : 32.994s  -  2020/03/26    making output files for observation time
 ---------------------------------------------------------------
 15hrs : 01min : 47.208s  -  2020/03/26    failed to converge, user can change some values now
 ---------------------------------------------------------------
 15hrs : 04min : 53.978s  -  2020/03/26    the minimal time step was updated for   1.0000000000000000E-003 the previous time step was  0.10000000000000001
 ---------------------------------------------------------------
 15hrs : 12min : 39.939s  -  2020/03/26    current simulation time:   1034869.4173961631 total iteration count:               528731
