 #              _____________________  _______________________             #
 #              ___  __ \__  __ \_  / / /_  /___  ____/_  ___/             #
 #              __  / / /_  /_/ /  / / /_  __/_  __/  _____ \              #
 #              _  /_/ /_  _, _// /_/ / / /_ _  /___  ____/ /              #
 #              /_____/ /_/ |_| \____/  \__/ /_____/  /____/               #
 #                                                                         #
  
 DRUtES is initializing, reading input files
 ---------------------------------------------------------------
 12hrs : 26min : 57.446s  -  2020/03/27    total number of parallel images is:                    1
 ---------------------------------------------------------------
 12hrs : 26min : 57.446s  -  2020/03/27    reading input files and allocating...
 ---------------------------------------------------------------
 12hrs : 26min : 57.447s  -  2020/03/27    number of nodes:                   21 number of elements:                   20
 ---------------------------------------------------------------
 12hrs : 26min : 57.449s  -  2020/03/27    analyzing mesh structure...
 ---------------------------------------------------------------
 12hrs : 26min : 57.449s  -  2020/03/27    DRUtES solves coupled heat and Richards equation with evaporation
 ---------------------------------------------------------------
 12hrs : 26min : 57.449s  -  2020/03/27    making output files for observation time
 ---------------------------------------------------------------
 12hrs : 26min : 57.452s  -  2020/03/27    go 4 solving
 ---------------------------------------------------------------
 12hrs : 26min : 57.477s  -  2020/03/27    current simulation time:   1.0000000000000000 total iteration count:                    3
 ---------------------------------------------------------------
 12hrs : 26min : 57.489s  -  2020/03/27    making output files for observation time
 ---------------------------------------------------------------
 12hrs : 26min : 57.535s  -  2020/03/27    making output files for observation time
 ---------------------------------------------------------------
 12hrs : 26min : 57.595s  -  2020/03/27    making output files for observation time
 ---------------------------------------------------------------
 12hrs : 27min : 03.632s  -  2020/03/27    making output files for observation time
 ---------------------------------------------------------------
 12hrs : 27min : 05.586s  -  2020/03/27    making output files for observation time
 ---------------------------------------------------------------
 12hrs : 27min : 07.917s  -  2020/03/27    making output files for observation time
 ---------------------------------------------------------------
 12hrs : 27min : 10.530s  -  2020/03/27    making output files for observation time
 ---------------------------------------------------------------
 12hrs : 27min : 14.223s  -  2020/03/27    making output files for observation time
 ---------------------------------------------------------------
 12hrs : 27min : 18.995s  -  2020/03/27    making output files for observation time
 ---------------------------------------------------------------
 12hrs : 27min : 25.116s  -  2020/03/27    making output files for observation time
 ---------------------------------------------------------------
 12hrs : 27min : 31.579s  -  2020/03/27    making output files for observation time
 ---------------------------------------------------------------
 12hrs : 27min : 37.770s  -  2020/03/27    making output files for observation time
 ---------------------------------------------------------------
 12hrs : 27min : 44.323s  -  2020/03/27    making output files for observation time
 ---------------------------------------------------------------
 12hrs : 27min : 51.751s  -  2020/03/27    making output files for observation time
 ---------------------------------------------------------------
 12hrs : 27min : 59.814s  -  2020/03/27    making output files for observation time
 ---------------------------------------------------------------
 12hrs : 28min : 08.142s  -  2020/03/27    making output files for observation time
 ---------------------------------------------------------------
 12hrs : 28min : 08.144s  -  2020/03/27    # real elapsed CPU time =   1.1738068833333335 min
 ---------------------------------------------------------------
 12hrs : 28min : 08.144s  -  2020/03/27    minimal adjusted time step was   1.0000000000000000
 ---------------------------------------------------------------
 12hrs : 28min : 08.144s  -  2020/03/27    F I N I S H E D !!!!!
