 #              _____________________  _______________________             #
 #              ___  __ \__  __ \_  / / /_  /___  ____/_  ___/             #
 #              __  / / /_  /_/ /  / / /_  __/_  __/  _____ \              #
 #              _  /_/ /_  _, _// /_/ / / /_ _  /___  ____/ /              #
 #              /_____/ /_/ |_| \____/  \__/ /_____/  /____/               #
 #                                                                         #
  
 DRUtES is initializing, reading input files
 ---------------------------------------------------------------
 11hrs : 28min : 34.894s  -  2020/03/27    total number of parallel images is:                    1
 ---------------------------------------------------------------
 11hrs : 28min : 34.894s  -  2020/03/27    reading input files and allocating...
 ---------------------------------------------------------------
 11hrs : 28min : 34.895s  -  2020/03/27    number of nodes:                   21 number of elements:                   20
 ---------------------------------------------------------------
 11hrs : 28min : 34.896s  -  2020/03/27    analyzing mesh structure...
 ---------------------------------------------------------------
 11hrs : 28min : 34.896s  -  2020/03/27    DRUtES solves coupled heat and Richards equation with evaporation
 ---------------------------------------------------------------
 11hrs : 28min : 34.897s  -  2020/03/27    making output files for observation time
 ---------------------------------------------------------------
 11hrs : 28min : 34.899s  -  2020/03/27    go 4 solving
 ---------------------------------------------------------------
 11hrs : 28min : 34.926s  -  2020/03/27    current simulation time:   1.0000000000000000 total iteration count:                    3
 ---------------------------------------------------------------
 11hrs : 28min : 34.938s  -  2020/03/27    making output files for observation time
 ---------------------------------------------------------------
 11hrs : 28min : 34.980s  -  2020/03/27    making output files for observation time
 ---------------------------------------------------------------
 11hrs : 28min : 35.038s  -  2020/03/27    making output files for observation time
 ---------------------------------------------------------------
 11hrs : 28min : 43.116s  -  2020/03/27    making output files for observation time
 ---------------------------------------------------------------
 11hrs : 28min : 45.241s  -  2020/03/27    making output files for observation time
 ---------------------------------------------------------------
 11hrs : 28min : 47.212s  -  2020/03/27    making output files for observation time
 ---------------------------------------------------------------
 11hrs : 28min : 49.142s  -  2020/03/27    making output files for observation time
 ---------------------------------------------------------------
 11hrs : 28min : 51.131s  -  2020/03/27    making output files for observation time
 ---------------------------------------------------------------
 11hrs : 28min : 53.155s  -  2020/03/27    making output files for observation time
 ---------------------------------------------------------------
 11hrs : 28min : 55.488s  -  2020/03/27    making output files for observation time
 ---------------------------------------------------------------
 11hrs : 28min : 58.080s  -  2020/03/27    making output files for observation time
 ---------------------------------------------------------------
 11hrs : 29min : 01.045s  -  2020/03/27    making output files for observation time
 ---------------------------------------------------------------
 11hrs : 29min : 04.416s  -  2020/03/27    making output files for observation time
 ---------------------------------------------------------------
 11hrs : 29min : 08.164s  -  2020/03/27    making output files for observation time
 ---------------------------------------------------------------
 11hrs : 29min : 12.286s  -  2020/03/27    making output files for observation time
 ---------------------------------------------------------------
 11hrs : 29min : 16.725s  -  2020/03/27    making output files for observation time
 ---------------------------------------------------------------
 11hrs : 29min : 16.727s  -  2020/03/27    # real elapsed CPU time =   41.666678000000005 s
 ---------------------------------------------------------------
 11hrs : 29min : 16.727s  -  2020/03/27    minimal adjusted time step was   1.0000000000000000
 ---------------------------------------------------------------
 11hrs : 29min : 16.727s  -  2020/03/27    F I N I S H E D !!!!!
