 #              _____________________  _______________________             #
 #              ___  __ \__  __ \_  / / /_  /___  ____/_  ___/             #
 #              __  / / /_  /_/ /  / / /_  __/_  __/  _____ \              #
 #              _  /_/ /_  _, _// /_/ / / /_ _  /___  ____/ /              #
 #              /_____/ /_/ |_| \____/  \__/ /_____/  /____/               #
 #                                                                         #
  
 DRUtES is initializing, reading input files
 ---------------------------------------------------------------
 11hrs : 01min : 13.556s  -  2020/03/27    total number of parallel images is:                    1
 ---------------------------------------------------------------
 11hrs : 01min : 13.557s  -  2020/03/27    reading input files and allocating...
 ---------------------------------------------------------------
 11hrs : 01min : 13.558s  -  2020/03/27    number of nodes:                   21 number of elements:                   20
 ---------------------------------------------------------------
 11hrs : 01min : 13.559s  -  2020/03/27    analyzing mesh structure...
 ---------------------------------------------------------------
 11hrs : 01min : 13.559s  -  2020/03/27    DRUtES solves coupled heat and Richards equation with evaporation
 ---------------------------------------------------------------
 11hrs : 01min : 13.559s  -  2020/03/27    making output files for observation time
 ---------------------------------------------------------------
 11hrs : 01min : 13.562s  -  2020/03/27    go 4 solving
 ---------------------------------------------------------------
 11hrs : 01min : 13.584s  -  2020/03/27    current simulation time:   1.0000000000000000 total iteration count:                    3
 ---------------------------------------------------------------
 11hrs : 01min : 13.602s  -  2020/03/27    making output files for observation time
 ---------------------------------------------------------------
 11hrs : 01min : 13.662s  -  2020/03/27    making output files for observation time
 ---------------------------------------------------------------
 11hrs : 01min : 13.741s  -  2020/03/27    making output files for observation time
 ---------------------------------------------------------------
 11hrs : 03min : 31.023s  -  2020/03/27    making output files for observation time
 ---------------------------------------------------------------
 11hrs : 05min : 12.310s  -  2020/03/27    making output files for observation time
 ---------------------------------------------------------------
 11hrs : 07min : 07.060s  -  2020/03/27    making output files for observation time
 ---------------------------------------------------------------
 11hrs : 08min : 48.800s  -  2020/03/27    making output files for observation time
 ---------------------------------------------------------------
 11hrs : 10min : 32.414s  -  2020/03/27    making output files for observation time
 ---------------------------------------------------------------
 11hrs : 12min : 14.400s  -  2020/03/27    making output files for observation time
 ---------------------------------------------------------------
 11hrs : 13min : 56.019s  -  2020/03/27    making output files for observation time
 ---------------------------------------------------------------
 11hrs : 15min : 34.414s  -  2020/03/27    making output files for observation time
 ---------------------------------------------------------------
 11hrs : 16min : 15.655s  -  2020/03/27    current simulation time:   815084.84821887361 total iteration count:               156677
 ---------------------------------------------------------------
 11hrs : 17min : 09.525s  -  2020/03/27    making output files for observation time
 ---------------------------------------------------------------
 11hrs : 18min : 42.103s  -  2020/03/27    making output files for observation time
 ---------------------------------------------------------------
 11hrs : 20min : 13.151s  -  2020/03/27    making output files for observation time
 ---------------------------------------------------------------
 11hrs : 21min : 39.244s  -  2020/03/27    making output files for observation time
 ---------------------------------------------------------------
 11hrs : 23min : 01.282s  -  2020/03/27    making output files for observation time
 ---------------------------------------------------------------
 11hrs : 23min : 01.285s  -  2020/03/27    # real elapsed CPU time =   21.748234883333332 min
 ---------------------------------------------------------------
 11hrs : 23min : 01.285s  -  2020/03/27    minimal adjusted time step was   1.0000000000000000
 ---------------------------------------------------------------
 11hrs : 23min : 01.285s  -  2020/03/27    F I N I S H E D !!!!!
