 #              _____________________  _______________________             #
 #              ___  __ \__  __ \_  / / /_  /___  ____/_  ___/             #
 #              __  / / /_  /_/ /  / / /_  __/_  __/  _____ \              #
 #              _  /_/ /_  _, _// /_/ / / /_ _  /___  ____/ /              #
 #              /_____/ /_/ |_| \____/  \__/ /_____/  /____/               #
 #                                                                         #
  
 DRUtES is initializing, reading input files
 ---------------------------------------------------------------
 12hrs : 07min : 18.243s  -  2020/03/27    total number of parallel images is:                    1
 ---------------------------------------------------------------
 12hrs : 07min : 18.244s  -  2020/03/27    reading input files and allocating...
 ---------------------------------------------------------------
 12hrs : 07min : 18.245s  -  2020/03/27    number of nodes:                   21 number of elements:                   20
 ---------------------------------------------------------------
 12hrs : 07min : 18.247s  -  2020/03/27    analyzing mesh structure...
 ---------------------------------------------------------------
 12hrs : 07min : 18.247s  -  2020/03/27    DRUtES solves coupled heat and Richards equation with evaporation
 ---------------------------------------------------------------
 12hrs : 07min : 18.248s  -  2020/03/27    making output files for observation time
 ---------------------------------------------------------------
 12hrs : 07min : 18.250s  -  2020/03/27    go 4 solving
 ---------------------------------------------------------------
 12hrs : 07min : 18.280s  -  2020/03/27    current simulation time:   1.0000000000000000 total iteration count:                    3
 ---------------------------------------------------------------
 12hrs : 07min : 18.298s  -  2020/03/27    making output files for observation time
 ---------------------------------------------------------------
 12hrs : 07min : 18.361s  -  2020/03/27    making output files for observation time
 ---------------------------------------------------------------
 12hrs : 07min : 18.437s  -  2020/03/27    making output files for observation time
 ---------------------------------------------------------------
 12hrs : 07min : 33.103s  -  2020/03/27    making output files for observation time
 ---------------------------------------------------------------
 12hrs : 07min : 40.254s  -  2020/03/27    making output files for observation time
 ---------------------------------------------------------------
 12hrs : 07min : 55.972s  -  2020/03/27    making output files for observation time
 ---------------------------------------------------------------
 12hrs : 08min : 20.556s  -  2020/03/27    making output files for observation time
 ---------------------------------------------------------------
 12hrs : 08min : 47.494s  -  2020/03/27    making output files for observation time
 ---------------------------------------------------------------
 12hrs : 09min : 18.983s  -  2020/03/27    making output files for observation time
 ---------------------------------------------------------------
 12hrs : 09min : 49.969s  -  2020/03/27    making output files for observation time
 ---------------------------------------------------------------
 12hrs : 10min : 22.871s  -  2020/03/27    making output files for observation time
 ---------------------------------------------------------------
 12hrs : 10min : 57.339s  -  2020/03/27    making output files for observation time
 ---------------------------------------------------------------
 12hrs : 11min : 32.812s  -  2020/03/27    making output files for observation time
 ---------------------------------------------------------------
 12hrs : 12min : 08.945s  -  2020/03/27    making output files for observation time
 ---------------------------------------------------------------
 12hrs : 12min : 45.778s  -  2020/03/27    making output files for observation time
 ---------------------------------------------------------------
 12hrs : 13min : 22.451s  -  2020/03/27    making output files for observation time
 ---------------------------------------------------------------
 12hrs : 13min : 22.453s  -  2020/03/27    # real elapsed CPU time =   6.0670398000000008 min
 ---------------------------------------------------------------
 12hrs : 13min : 22.453s  -  2020/03/27    minimal adjusted time step was   1.0000000000000000
 ---------------------------------------------------------------
 12hrs : 13min : 22.453s  -  2020/03/27    F I N I S H E D !!!!!
