 #              _____________________  _______________________             #
 #              ___  __ \__  __ \_  / / /_  /___  ____/_  ___/             #
 #              __  / / /_  /_/ /  / / /_  __/_  __/  _____ \              #
 #              _  /_/ /_  _, _// /_/ / / /_ _  /___  ____/ /              #
 #              /_____/ /_/ |_| \____/  \__/ /_____/  /____/               #
 #                                                                         #
  
 DRUtES is initializing, reading input files
 ---------------------------------------------------------------
 11hrs : 24min : 01.195s  -  2020/03/27    total number of parallel images is:                    1
 ---------------------------------------------------------------
 11hrs : 24min : 01.197s  -  2020/03/27    reading input files and allocating...
 ---------------------------------------------------------------
 11hrs : 24min : 01.197s  -  2020/03/27    number of nodes:                   21 number of elements:                   20
 ---------------------------------------------------------------
 11hrs : 24min : 01.199s  -  2020/03/27    analyzing mesh structure...
 ---------------------------------------------------------------
 11hrs : 24min : 01.199s  -  2020/03/27    DRUtES solves coupled heat and Richards equation with evaporation
 ---------------------------------------------------------------
 11hrs : 24min : 01.199s  -  2020/03/27    making output files for observation time
 ---------------------------------------------------------------
 11hrs : 24min : 01.201s  -  2020/03/27    go 4 solving
 ---------------------------------------------------------------
 11hrs : 24min : 01.225s  -  2020/03/27    current simulation time:   1.0000000000000000 total iteration count:                    3
 ---------------------------------------------------------------
 11hrs : 24min : 01.243s  -  2020/03/27    making output files for observation time
 ---------------------------------------------------------------
 11hrs : 24min : 01.305s  -  2020/03/27    making output files for observation time
 ---------------------------------------------------------------
 11hrs : 24min : 01.381s  -  2020/03/27    making output files for observation time
 ---------------------------------------------------------------
 11hrs : 24min : 15.629s  -  2020/03/27    making output files for observation time
 ---------------------------------------------------------------
 11hrs : 24min : 19.357s  -  2020/03/27    making output files for observation time
 ---------------------------------------------------------------
 11hrs : 24min : 25.340s  -  2020/03/27    making output files for observation time
 ---------------------------------------------------------------
 11hrs : 24min : 35.178s  -  2020/03/27    making output files for observation time
 ---------------------------------------------------------------
 11hrs : 24min : 49.823s  -  2020/03/27    making output files for observation time
 ---------------------------------------------------------------
 11hrs : 25min : 08.189s  -  2020/03/27    making output files for observation time
 ---------------------------------------------------------------
 11hrs : 25min : 27.430s  -  2020/03/27    making output files for observation time
 ---------------------------------------------------------------
 11hrs : 25min : 49.879s  -  2020/03/27    making output files for observation time
 ---------------------------------------------------------------
 11hrs : 26min : 13.452s  -  2020/03/27    making output files for observation time
 ---------------------------------------------------------------
 11hrs : 26min : 36.869s  -  2020/03/27    making output files for observation time
 ---------------------------------------------------------------
 11hrs : 27min : 00.948s  -  2020/03/27    making output files for observation time
 ---------------------------------------------------------------
 11hrs : 27min : 25.387s  -  2020/03/27    making output files for observation time
 ---------------------------------------------------------------
 11hrs : 27min : 50.274s  -  2020/03/27    making output files for observation time
 ---------------------------------------------------------------
 11hrs : 27min : 50.276s  -  2020/03/27    # real elapsed CPU time =   3.8128881333333329 min
 ---------------------------------------------------------------
 11hrs : 27min : 50.276s  -  2020/03/27    minimal adjusted time step was   1.0000000000000000
 ---------------------------------------------------------------
 11hrs : 27min : 50.276s  -  2020/03/27    F I N I S H E D !!!!!
