 #              _____________________  _______________________             #
 #              ___  __ \__  __ \_  / / /_  /___  ____/_  ___/             #
 #              __  / / /_  /_/ /  / / /_  __/_  __/  _____ \              #
 #              _  /_/ /_  _, _// /_/ / / /_ _  /___  ____/ /              #
 #              /_____/ /_/ |_| \____/  \__/ /_____/  /____/               #
 #                                                                         #
  
 DRUtES is initializing, reading input files
 ---------------------------------------------------------------
 12hrs : 54min : 00.828s  -  2020/03/27    total number of parallel images is:                    1
 ---------------------------------------------------------------
 12hrs : 54min : 00.828s  -  2020/03/27    reading input files and allocating...
 ---------------------------------------------------------------
 12hrs : 54min : 00.829s  -  2020/03/27    number of nodes:                   21 number of elements:                   20
 ---------------------------------------------------------------
 12hrs : 54min : 00.831s  -  2020/03/27    analyzing mesh structure...
 ---------------------------------------------------------------
 12hrs : 54min : 00.831s  -  2020/03/27    DRUtES solves coupled heat and Richards equation with evaporation
 ---------------------------------------------------------------
 12hrs : 54min : 00.832s  -  2020/03/27    making output files for observation time
 ---------------------------------------------------------------
 12hrs : 54min : 00.834s  -  2020/03/27    go 4 solving
 ---------------------------------------------------------------
 12hrs : 54min : 00.864s  -  2020/03/27    current simulation time:   1.0000000000000000 total iteration count:                    3
 ---------------------------------------------------------------
 12hrs : 54min : 00.882s  -  2020/03/27    making output files for observation time
 ---------------------------------------------------------------
 12hrs : 54min : 00.948s  -  2020/03/27    making output files for observation time
 ---------------------------------------------------------------
 12hrs : 54min : 01.030s  -  2020/03/27    making output files for observation time
 ---------------------------------------------------------------
 12hrs : 56min : 37.518s  -  2020/03/27    making output files for observation time
 ---------------------------------------------------------------
 12hrs : 58min : 27.326s  -  2020/03/27    making output files for observation time
 ---------------------------------------------------------------
 13hrs : 00min : 32.107s  -  2020/03/27    making output files for observation time
 ---------------------------------------------------------------
 13hrs : 02min : 39.188s  -  2020/03/27    making output files for observation time
 ---------------------------------------------------------------
 13hrs : 04min : 28.788s  -  2020/03/27    making output files for observation time
 ---------------------------------------------------------------
 13hrs : 06min : 17.032s  -  2020/03/27    making output files for observation time
 ---------------------------------------------------------------
 13hrs : 08min : 09.541s  -  2020/03/27    making output files for observation time
 ---------------------------------------------------------------
 13hrs : 09min : 03.403s  -  2020/03/27    current simulation time:   734752.72165789781 total iteration count:               156177
 ---------------------------------------------------------------
 13hrs : 09min : 53.430s  -  2020/03/27    making output files for observation time
 ---------------------------------------------------------------
 13hrs : 11min : 34.033s  -  2020/03/27    making output files for observation time
 ---------------------------------------------------------------
 13hrs : 13min : 12.784s  -  2020/03/27    making output files for observation time
 ---------------------------------------------------------------
 13hrs : 14min : 47.870s  -  2020/03/27    making output files for observation time
 ---------------------------------------------------------------
 13hrs : 16min : 19.655s  -  2020/03/27    making output files for observation time
 ---------------------------------------------------------------
 13hrs : 17min : 56.066s  -  2020/03/27    making output files for observation time
 ---------------------------------------------------------------
 13hrs : 17min : 56.067s  -  2020/03/27    # real elapsed CPU time =   23.871743883333334 min
 ---------------------------------------------------------------
 13hrs : 17min : 56.068s  -  2020/03/27    minimal adjusted time step was   1.0000000000000000
 ---------------------------------------------------------------
 13hrs : 17min : 56.068s  -  2020/03/27    F I N I S H E D !!!!!
