 #              _____________________  _______________________             #
 #              ___  __ \__  __ \_  / / /_  /___  ____/_  ___/             #
 #              __  / / /_  /_/ /  / / /_  __/_  __/  _____ \              #
 #              _  /_/ /_  _, _// /_/ / / /_ _  /___  ____/ /              #
 #              /_____/ /_/ |_| \____/  \__/ /_____/  /____/               #
 #                                                                         #
  
 DRUtES is initializing, reading input files
 ---------------------------------------------------------------
 20hrs : 50min : 57.360s  -  2020/03/25    total number of parallel images is:                    1
 ---------------------------------------------------------------
 20hrs : 50min : 57.361s  -  2020/03/25    reading input files and allocating...
 ---------------------------------------------------------------
 20hrs : 50min : 57.362s  -  2020/03/25    number of nodes:                  101 number of elements:                  100
 ---------------------------------------------------------------
 20hrs : 50min : 57.366s  -  2020/03/25    analyzing mesh structure...
 ---------------------------------------------------------------
 20hrs : 50min : 57.366s  -  2020/03/25    DRUtES solves Richards' equation, in    1 D, in total hydraulic head form.
 ---------------------------------------------------------------
 20hrs : 50min : 57.366s  -  2020/03/25    making output files for observation time
 ---------------------------------------------------------------
 20hrs : 50min : 57.368s  -  2020/03/25    go 4 solving
 ---------------------------------------------------------------
 20hrs : 50min : 57.371s  -  2020/03/25    current simulation time:   1.0000000000000000 total iteration count:                    1
 ---------------------------------------------------------------
 20hrs : 51min : 26.394s  -  2020/03/25    making output files for observation time
 ---------------------------------------------------------------
 20hrs : 51min : 41.214s  -  2020/03/25    making output files for observation time
 ---------------------------------------------------------------
 20hrs : 51min : 56.439s  -  2020/03/25    making output files for observation time
 ---------------------------------------------------------------
 20hrs : 52min : 11.684s  -  2020/03/25    making output files for observation time
 ---------------------------------------------------------------
 20hrs : 52min : 37.499s  -  2020/03/25    making output files for observation time
 ---------------------------------------------------------------
 20hrs : 53min : 06.627s  -  2020/03/25    making output files for observation time
 ---------------------------------------------------------------
 20hrs : 53min : 35.530s  -  2020/03/25    making output files for observation time
 ---------------------------------------------------------------
 20hrs : 54min : 04.556s  -  2020/03/25    making output files for observation time
 ---------------------------------------------------------------
 20hrs : 54min : 33.485s  -  2020/03/25    making output files for observation time
 ---------------------------------------------------------------
 20hrs : 55min : 02.464s  -  2020/03/25    making output files for observation time
 ---------------------------------------------------------------
 20hrs : 55min : 31.539s  -  2020/03/25    making output files for observation time
 ---------------------------------------------------------------
 20hrs : 56min : 00.542s  -  2020/03/25    making output files for observation time
 ---------------------------------------------------------------
 20hrs : 56min : 29.675s  -  2020/03/25    making output files for observation time
 ---------------------------------------------------------------
 20hrs : 56min : 29.677s  -  2020/03/25    # real elapsed CPU time =   5.5237174500000004 min
 ---------------------------------------------------------------
 20hrs : 56min : 29.677s  -  2020/03/25    minimal adjusted time step was   1.0000000000000000
 ---------------------------------------------------------------
 20hrs : 56min : 29.677s  -  2020/03/25    F I N I S H E D !!!!!
